"../../../../../../STORAGE/DEV/GitHub/kesapeli2021/Team8/Content/Team8_Materials/KyberBlueMaterial.uasset" 0
"../../../../../../STORAGE/DEV/GitHub/kesapeli2021/Team8/Content/Team8_Meshes/NitroPowerUp_Solid.uasset" 1
"../../../../../../STORAGE/DEV/GitHub/kesapeli2021/Team8/Content/Team8_Sounds/SFX/SFX_NitroBoost3.uasset" 2
"../../../../../../STORAGE/DEV/GitHub/kesapeli2021/Team8/Content/Team8_Sounds/SFX/SFX_NitroBoost2.uasset" 3
"../../../../../../STORAGE/DEV/GitHub/kesapeli2021/Team8/Content/Team8_Sounds/SFX/SFX_NitroBoost1.uasset" 4
"../../../../../../STORAGE/DEV/GitHub/kesapeli2021/Team8/Content/Team8_Sounds/SFX_Effects.uasset" 5
"../../../../../../STORAGE/DEV/GitHub/kesapeli2021/Team8/Content/Team8_Sounds/Cues/SFX_NitroBoost_Cue.uasset" 6
"../../../../../../STORAGE/DEV/GitHub/kesapeli2021/Team8/Content/VehicleBP/Blueprints/Car_Health_Widget.uasset" 7
"../../../../../../STORAGE/DEV/GitHub/kesapeli2021/Team8/Content/Team8_Vehicles/FinalCar/Materials/Windows.uasset" 8
"../../../../../../STORAGE/DEV/GitHub/kesapeli2021/Team8/Content/Team8_Vehicles/FinalCar/Materials/TiresCenter.uasset" 9
"../../../../../../STORAGE/DEV/GitHub/kesapeli2021/Team8/Content/Team8_Vehicles/FinalCar/Materials/Tires.uasset" 10
"../../../../../../STORAGE/DEV/GitHub/kesapeli2021/Team8/Content/Team8_Vehicles/FinalCar/FinalCar4_PhysicsAsset.uasset" 11
"../../../../../../STORAGE/DEV/GitHub/kesapeli2021/Team8/Content/Team8_Vehicles/FinalCar/Materials/Material_001.uasset" 12
"../../../../../../STORAGE/DEV/GitHub/kesapeli2021/Team8/Content/Team8_Vehicles/FinalCar/Materials/Lamp2.uasset" 13
"../../../../../../STORAGE/DEV/GitHub/kesapeli2021/Team8/Content/Team8_Vehicles/FinalCar/Materials/Lamp.uasset" 14
"../../../../../../STORAGE/DEV/GitHub/kesapeli2021/Team8/Content/Team8_Vehicles/FinalCar/Materials/Detail.uasset" 15
"../../../../../../STORAGE/DEV/GitHub/kesapeli2021/Team8/Content/Team8_Vehicles/FinalCar/FinalCar4_Skeleton.uasset" 16
"../../../../../../STORAGE/DEV/GitHub/kesapeli2021/Team8/Content/Team8_Vehicles/FinalCar/FinalCar4.uasset" 17
"../../../../../../STORAGE/DEV/GitHub/kesapeli2021/Team8/Content/Team8_Vehicles/FinalCar/FC_PhysMat.uasset" 18
"../../../../../../STORAGE/DEV/GitHub/kesapeli2021/Team8/Content/ReferenceVehicle/Sedan/Test_Car_TireConfigFront.uasset" 19
"../../../../../../STORAGE/DEV/GitHub/kesapeli2021/Team8/Content/ReferenceVehicle/Sedan/Test_Car_FrontWheel.uasset" 20
"../../../../../../STORAGE/DEV/GitHub/kesapeli2021/Team8/Content/Team8_Vehicles/FinalCar/FC_FrontWheel.uasset" 21
"../../../../../../STORAGE/DEV/GitHub/kesapeli2021/Team8/Content/Team8_Vehicles/FinalCar/FC_TireConfigBack.uasset" 22
"../../../../../../STORAGE/DEV/GitHub/kesapeli2021/Team8/Content/ReferenceVehicle/Sedan/Test_Car_TireConfigBack.uasset" 23
"../../../../../../STORAGE/DEV/GitHub/kesapeli2021/Team8/Content/ReferenceVehicle/Sedan/Test_Car_BackWheel.uasset" 24
"../../../../../../STORAGE/DEV/GitHub/kesapeli2021/Team8/Content/Team8_Vehicles/FinalCar/FC_BackWheel.uasset" 25
"../../../../../../STORAGE/DEV/GitHub/kesapeli2021/Team8/Content/Team8_Vehicles/FinalCar/FC_Animation.uasset" 26
"../../../../../../STORAGE/DEV/GitHub/kesapeli2021/Team8/Content/Team8_Sounds/Engine/SFX_Engine8.uasset" 27
"../../../../../../STORAGE/DEV/GitHub/kesapeli2021/Team8/Content/Team8_Sounds/Engine/SFX_Engine2.uasset" 28
"../../../../../../STORAGE/DEV/GitHub/kesapeli2021/Team8/Content/Team8_Sounds/Engine/SFX_Engine10.uasset" 29
"../../../../../../STORAGE/DEV/GitHub/kesapeli2021/Team8/Content/Team8_Sounds/SFX_Engine.uasset" 30
"../../../../../../STORAGE/DEV/GitHub/kesapeli2021/Team8/Content/Team8_Sounds/Engine/SFX_CarSound6.uasset" 31
"../../../../../../STORAGE/DEV/GitHub/kesapeli2021/Team8/Content/Team8_Sounds/Engine/SFX_CarSound5.uasset" 32
"../../../../../../STORAGE/DEV/GitHub/kesapeli2021/Team8/Content/Team8_Sounds/Engine_Attenuation.uasset" 33
"../../../../../../STORAGE/DEV/GitHub/kesapeli2021/Team8/Content/Team8_Sounds/Engine/SFX_EngineMODDED_Cue.uasset" 34
"../../../../../../STORAGE/DEV/GitHub/kesapeli2021/Team8/Content/Team8_Sounds/SFX/SFX_Countdown.uasset" 35
"../../../../../../STORAGE/DEV/GitHub/kesapeli2021/Team8/Content/Team8_Sounds/Cues/SFX_Countdown_Cue.uasset" 36
"../../../../../../STORAGE/DEV/GitHub/kesapeli2021/Team8/Content/VehicleBP/Blueprints/TimeConversion_BP.uasset" 37
"../../../../../../STORAGE/DEV/GitHub/kesapeli2021/Team8/Content/Team8_Fonts/Lemon_Tuesday.uasset" 38
"../../../../../../STORAGE/DEV/GitHub/kesapeli2021/Team8/Content/Team8_Fonts/Lemon_Tuesday_Font.uasset" 39
"../../../../../../STORAGE/DEV/GitHub/kesapeli2021/Team8/Content/VehicleBP/Blueprints/HighscoreHUD.uasset" 40
"../../../../../../STORAGE/DEV/GitHub/kesapeli2021/Team8/Content/VehicleBP/Blueprints/Save_Game.uasset" 41
"../../../../../../STORAGE/DEV/GitHub/kesapeli2021/Team8/Content/Team8_Levels/GameOver/GameOverWidget.uasset" 42
"../../../Engine/Content/EditorBlueprintResources/StandardMacros.uasset" 43
"../../../../../../STORAGE/DEV/GitHub/kesapeli2021/Team8/Content/VehicleBP/Blueprints/Player_Controller.uasset" 44
"../../Plugins/FX/Niagara/Content/Enums/ENiagaraSystemInactiveMode.uasset" 45
"../../Plugins/FX/Niagara/Content/Enums/ENiagaraSphereDistributionMode.uasset" 46
"../../Plugins/FX/Niagara/Content/Enums/ENiagaraScaleColorMode.uasset" 47
"../../Plugins/FX/Niagara/Content/Enums/ENiagaraRestitutionMergeType.uasset" 48
"../../Plugins/FX/Niagara/Content/Enums/ENiagaraRandomnessMode.uasset" 49
"../../Plugins/FX/Niagara/Content/Enums/ENiagaraRandomnessEvaluation.uasset" 50
"../../Plugins/FX/Niagara/Content/Enums/ENiagaraInactiveMode.uasset" 51
"../../Plugins/FX/Niagara/Content/Enums/ENiagaraFrictionMergeType.uasset" 52
"../../Plugins/FX/Niagara/Content/Enums/ENiagaraExpansionMode.uasset" 53
"../../Plugins/FX/Niagara/Content/Enums/ENiagaraEmitterScalabilityMode_Limited.uasset" 54
"../../Plugins/FX/Niagara/Content/Enums/ENiagaraEmitterLifeCycleMode.uasset" 55
"../../Plugins/FX/Niagara/Content/Enums/ENiagaraCoordinateSpace.uasset" 56
"../../Plugins/FX/Niagara/Content/Enums/ENiagaraCollisionRadiusOptions.uasset" 57
"../../Plugins/FX/Niagara/Content/Enums/ENiagaraChannelCorrelation.uasset" 58
"../../Plugins/FX/Niagara/Content/Enums/ENiagaraCalculateRadiusOptions.uasset" 59
"../../Plugins/FX/Niagara/Content/Enums/ENiagara_UVFlippingMode.uasset" 60
"../../Plugins/FX/Niagara/Content/Enums/ENiagara_SpriteRotationMode.uasset" 61
"../../Plugins/FX/Niagara/Content/Enums/ENiagara_SizeScaleMode.uasset" 62
"../../Plugins/FX/Niagara/Content/Enums/ENiagara_PositionInitializationMode.uasset" 63
"../../Plugins/FX/Niagara/Content/Enums/ENiagara_MassInitializationMode.uasset" 64
"../../Plugins/FX/Niagara/Content/Enums/ENiagara_LifetimeMode.uasset" 65
"../../Plugins/FX/Niagara/Content/Enums/ENiagara_InfiniteLoopDuration.uasset" 66
"../../Plugins/FX/Niagara/Content/Enums/ENiagara_GPUCollisionType.uasset" 67
"../../Plugins/FX/Niagara/Content/Enums/ENiagara_EmitterStateOptions.uasset" 68
"../../Plugins/FX/Niagara/Content/Enums/ENiagara_CPUCollisionType.uasset" 69
"../../Plugins/FX/Niagara/Content/Enums/ENiagara_ColorInitializationMode.uasset" 70
"../../Plugins/FX/Niagara/Content/Functions/DirectionAndLengthSafe.uasset" 71
"../../Plugins/FX/Niagara/Content/Modules/Update/Size/ScaleSpriteSizeBySpeed.uasset" 72
"../../Plugins/FX/Niagara/Content/Modules/Update/Size/ScaleSpriteSize.uasset" 73
"../../Plugins/FX/Niagara/Content/Modules/Update/Lifetime/ParticleState.uasset" 74
"../../Plugins/FX/Niagara/Content/Functions/Localspace/TransformBase.uasset" 75
"../../Plugins/FX/Niagara/Content/Functions/Localspace/TransformVector.uasset" 76
"../../Plugins/FX/Niagara/Content/Modules/Update/Forces/GravityForce.uasset" 77
"../../Plugins/FX/Niagara/Content/Modules/Update/Forces/Drag.uasset" 78
"../../Plugins/FX/Niagara/Content/Functions/System/SystemChangeState.uasset" 79
"../../Plugins/FX/Niagara/Content/Modules/System/SystemState.uasset" 80
"../../Plugins/FX/Niagara/Content/Functions/Math/RemapValueRange.uasset" 81
"../../Plugins/FX/Niagara/Content/Functions/PolarToCartesianCoordinates.uasset" 82
"../../Plugins/FX/Niagara/Content/Functions/GetRandomInfo.uasset" 83
"../../Plugins/FX/Niagara/Content/Functions/RandomRangeFloat.uasset" 84
"../../Plugins/FX/Niagara/Content/Functions/RandomVectorInCone.uasset" 85
"../../Plugins/FX/Niagara/Content/Functions/Rotation/MultiplyVectorWithQuaternion.uasset" 86
"../../Plugins/FX/Niagara/Content/Functions/Rotation/FindQuatBetween.uasset" 87
"../../Plugins/FX/Niagara/Content/Modules/Spawn/Velocity/AddVelocityInCone.uasset" 88
"../../Plugins/FX/Niagara/Content/Modules/Spawn/Velocity/AddVelocity.uasset" 89
"../../Plugins/FX/Niagara/Content/Functions/V2/CalculateRandomRange.uasset" 90
"../../Plugins/FX/Niagara/Content/Functions/V2/CalculateRandomPointInSphere.uasset" 91
"../../Plugins/FX/Niagara/Content/Functions/SphericalToCartesianCoordinates.uasset" 92
"../../Plugins/FX/Niagara/Content/Functions/Localspace/SimulationPosition.uasset" 93
"../../Plugins/FX/Niagara/Content/Modules/Spawn/Location/V2/SphereLocation.uasset" 94
"../../Plugins/FX/Niagara/Content/Functions/RandomPointInBox.uasset" 95
"../../Plugins/FX/Niagara/Content/Functions/IsolateLongestVectorComponent.uasset" 96
"../../Plugins/FX/Niagara/Content/Functions/Rotation/RotateAngleOnAxis.uasset" 97
"../../Plugins/FX/Niagara/Content/Modules/Spawn/Location/BoxLocation.uasset" 98
"../../Plugins/FX/Niagara/Content/Functions/V2/CalculateRandomRangeFloat.uasset" 99
"../../Plugins/FX/Niagara/Content/Functions/LinearColor/HueShiftLinearColor.uasset" 100
"../../Plugins/FX/Niagara/Content/Functions/V2/CalculateRandomRangeInteger.uasset" 101
"../../Plugins/FX/Niagara/Content/Functions/V2/CalculateRandomBool.uasset" 102
"../../Plugins/FX/Niagara/Content/Modules/Spawn/Initialization/V2/InitializeParticle.uasset" 103
"../../Plugins/FX/Niagara/Content/Modules/Spawn/Initialization/InitializeRibbon.uasset" 104
"../../Plugins/FX/Niagara/Content/Modules/Solvers/SolveForcesAndVelocity.uasset" 105
"../../Plugins/FX/Niagara/Content/Modules/Ribbons/ScaleRibbonWidth.uasset" 106
"../../Plugins/FX/Niagara/Content/DefaultAssets/Structs/LocationEvent.uasset" 107
"../../Plugins/FX/Niagara/Content/Modules/Events/ReceiveLocationEvent.uasset" 108
"../../Plugins/FX/Niagara/Content/Modules/Events/ReceiveCollisionEvent.uasset" 109
"../../Plugins/FX/Niagara/Content/Functions/Helpers/AdvancePositionWithAcceleration.uasset" 110
"../../Plugins/FX/Niagara/Content/Modules/Events/GenerateLocationEvent.uasset" 111
"../../Plugins/FX/Niagara/Content/Functions/Helpers/SetBoolByTimer.uasset" 112
"../../Plugins/FX/Niagara/Content/Modules/Events/GenerateCollisionEvent.uasset" 113
"../../Plugins/FX/Niagara/Content/Modules/Emitter/SpawnRate.uasset" 114
"../../Plugins/FX/Niagara/Content/Functions/Emitter/EmitterChangeState.uasset" 115
"../../Plugins/FX/Niagara/Content/Enums/ENiagaraExecutionStateManagement.uasset" 116
"../../Plugins/FX/Niagara/Content/Modules/Emitter/EmitterState.uasset" 117
"../../Plugins/FX/Niagara/Content/Modules/Collision/SceneDepthTest.uasset" 118
"../../Plugins/FX/Niagara/Content/Modules/Collision/NiagaraDistanceFieldCollisions.uasset" 119
"../../Plugins/FX/Niagara/Content/Functions/Collision/RandomizeCollisionNormals.uasset" 120
"../../Plugins/FX/Niagara/Content/Functions/Collision/PlaneSphereCollisionDetection.uasset" 121
"../../Plugins/FX/Niagara/Content/Functions/ReflectVector.uasset" 122
"../../Plugins/FX/Niagara/Content/Functions/ProjectVectorOnPlane.uasset" 123
"../../Plugins/FX/Niagara/Content/Functions/Math/CentimeterMeterConversion.uasset" 124
"../../Plugins/FX/Niagara/Content/Modules/Collision/CollisionQueryAndResponse.uasset" 125
"../../Plugins/FX/Niagara/Content/Functions/Helpers/DoOnce_fn.uasset" 126
"../../Plugins/FX/Niagara/Content/Functions/CalculateRadiusFromSpriteSize.uasset" 127
"../../Plugins/FX/Niagara/Content/Functions/CalculateMeshRadius.uasset" 128
"../../Plugins/FX/Niagara/Content/Functions/Localspace/TransformPosition.uasset" 129
"../../Plugins/FX/Niagara/Content/Functions/Rotation/AxisAngleToQuaternion.uasset" 130
"../../Plugins/FX/Niagara/Content/Functions/Rotation/MultiplyQuaternion.uasset" 131
"../../Plugins/FX/Niagara/Content/Modules/Collision/Collision.uasset" 132
"../../Plugins/FX/Niagara/Content/DynamicInputs/ValueFromCurve/FloatFromCurve.uasset" 133
"../../Plugins/FX/Niagara/Content/DynamicInputs/UniformRange/V2/RandomRangeFloat.uasset" 134
"../../Plugins/FX/Niagara/Content/Modules/Update/Color/ScaleColor.uasset" 135
"../../Plugins/FX/Niagara/Content/DynamicInputs/TypeConversions/Vector2DFromFloat.uasset" 136
"../../Plugins/FX/Niagara/Content/DefaultAssets/DefaultSpriteMaterial.uasset" 137
"../../Plugins/FX/Niagara/Content/DefaultAssets/DefaultRIbbonMaterial.uasset" 138
"../../../../../../STORAGE/DEV/GitHub/kesapeli2021/Team8/Content/Team8_Materials/Rain_System.uasset" 139
"../../../../../../STORAGE/DEV/GitHub/kesapeli2021/Team8/Content/Team8_Levels/Pause/Pause_Menu_Widget.uasset" 140
"../../../../../../STORAGE/DEV/GitHub/kesapeli2021/Team8/Content/Team8_Materials/KyberPurpleMaterial.uasset" 141
"../../../../../../STORAGE/DEV/GitHub/kesapeli2021/Team8/Content/Team8_Materials/Textures/T_MacroVariation.uasset" 142
"../../../../../../STORAGE/DEV/GitHub/kesapeli2021/Team8/Content/Team8_Materials/KyberChromeMaterial.uasset" 143
"../../../Engine/Content/EngineFonts/RobotoDistanceField.uasset" 144
"../../../../../../STORAGE/DEV/GitHub/kesapeli2021/Team8/Content/VehicleBP/Blueprints/VehicleHUD.uasset" 145
"../../../../../../STORAGE/DEV/GitHub/kesapeli2021/Team8/Content/VehicleBP/Blueprints/Vehicle_Game_Mode.uasset" 146
"../../../../../../STORAGE/DEV/GitHub/kesapeli2021/Team8/Content/VehicleBP/Blueprints/Checkpoint_Widget.uasset" 147
"../../../../../../STORAGE/DEV/GitHub/kesapeli2021/Team8/Content/VehicleBP/Blueprints/Respawn_Checkpoint_BP.uasset" 148
"../../../../../../STORAGE/DEV/GitHub/kesapeli2021/Team8/Content/VehicleBP/Blueprints/Tracker_BP.uasset" 149
"../../../../../../STORAGE/DEV/GitHub/kesapeli2021/Team8/Content/Team8_Vehicles/FinalCar/Final_Car.uasset" 150
"../../../../../../STORAGE/DEV/GitHub/kesapeli2021/Team8/Content/VehicleBP/Blueprints/Nitro_BP.uasset" 151
"../../../../../../STORAGE/DEV/GitHub/kesapeli2021/Team8/Content/Team8_Animations/Nitro_Animation2.uasset" 152
"../../../../../../STORAGE/DEV/GitHub/kesapeli2021/Team8/Content/Team8_Animations/Nitro_Animation3.uasset" 153
"../../../../../../STORAGE/DEV/GitHub/kesapeli2021/Team8/Content/Team8_Materials/KyberGreenMaterial.uasset" 154
"../../../../../../STORAGE/DEV/GitHub/kesapeli2021/Team8/Content/Team8_Meshes/RepairPowerUp_Solid.uasset" 155
"../../../../../../STORAGE/DEV/GitHub/kesapeli2021/Team8/Content/Team8_Sounds/SFX/SFX_RepairDrill3.uasset" 156
"../../../../../../STORAGE/DEV/GitHub/kesapeli2021/Team8/Content/Team8_Sounds/SFX/SFX_RepairDrill2.uasset" 157
"../../../../../../STORAGE/DEV/GitHub/kesapeli2021/Team8/Content/Team8_Sounds/SFX/SFX_RepairDrill1.uasset" 158
"../../../../../../STORAGE/DEV/GitHub/kesapeli2021/Team8/Content/Team8_Sounds/Cues/SFX_RepairDrill_Cue.uasset" 159
"../../../../../../STORAGE/DEV/GitHub/kesapeli2021/Team8/Content/VehicleBP/Blueprints/Repair_BP.uasset" 160
"../../../../../../STORAGE/DEV/GitHub/kesapeli2021/Team8/Content/Team8_Animations/Repair_Animation1.uasset" 161
"../../../../../../STORAGE/DEV/GitHub/kesapeli2021/Team8/Content/Team8_Animations/Repair_Animation2.uasset" 162
"../../../../../../STORAGE/DEV/GitHub/kesapeli2021/Team8/Content/Team8_Animations/Repair_Animation3.uasset" 163
"../../../../../../STORAGE/DEV/GitHub/kesapeli2021/Team8/Content/Team8_Sounds/SFX/SFX_ElectricalBuzz4.uasset" 164
"../../../../../../STORAGE/DEV/GitHub/kesapeli2021/Team8/Content/Team8_Sounds/SFX/SFX_ElectricalBuzz3.uasset" 165
"../../../../../../STORAGE/DEV/GitHub/kesapeli2021/Team8/Content/Team8_Sounds/SFX/SFX_ElectricalBuzz2.uasset" 166
"../../../../../../STORAGE/DEV/GitHub/kesapeli2021/Team8/Content/Team8_Sounds/SFX/SFX_ElectricalBuzz1.uasset" 167
"../../../../../../STORAGE/DEV/GitHub/kesapeli2021/Team8/Content/Team8_Sounds/Cues/SFX_ElectricalBuzz_Cue.uasset" 168
"../../../../../../STORAGE/DEV/GitHub/kesapeli2021/Team8/Content/Team8_Meshes/PurpleSphere.uasset" 169
"../../../../../../STORAGE/DEV/GitHub/kesapeli2021/Team8/Content/Team8_Obstacles/PurpleSphere_Obstacle.uasset" 170
"../../../../../../STORAGE/DEV/GitHub/kesapeli2021/Team8/Content/Team8_Animations/Sphere_Obstacle_Animation1.uasset" 171
"../../../../../../STORAGE/DEV/GitHub/kesapeli2021/Team8/Content/Team8_Animations/Sphere_Obstacle_Animation2.uasset" 172
"../../../../../../STORAGE/DEV/GitHub/kesapeli2021/Team8/Content/Team8_Animations/Sphere_Obstacle_Animation3.uasset" 173
"../../../../../../STORAGE/DEV/GitHub/kesapeli2021/Team8/Content/Team8_Materials/KyberRedMaterial.uasset" 174
"../../../../../../STORAGE/DEV/GitHub/kesapeli2021/Team8/Content/Team8_Meshes/RedCube.uasset" 175
"../../../../../../STORAGE/DEV/GitHub/kesapeli2021/Team8/Content/Team8_Obstacles/RedCube_Obstacle.uasset" 176
"../../../../../../STORAGE/DEV/GitHub/kesapeli2021/Team8/Content/Team8_Animations/Square_Obstacle_Animation1.uasset" 177
"../../../../../../STORAGE/DEV/GitHub/kesapeli2021/Team8/Content/Team8_Animations/Square_Obstacle_Animation2.uasset" 178
"../../../../../../STORAGE/DEV/GitHub/kesapeli2021/Team8/Content/Team8_Animations/Square_Obstacle_Animation3.uasset" 179
"../../../../../../STORAGE/DEV/GitHub/kesapeli2021/Team8/Content/Team8_Animations/Square_Obstacle_Animation4.uasset" 180
"../../../../../../STORAGE/DEV/GitHub/kesapeli2021/Team8/Content/VehicleBP/Blueprints/VehicleGameMode.uasset" 181
"../../../../../../STORAGE/DEV/GitHub/kesapeli2021/Team8/Content/Team8_Animations/Nitro_Animation1.uasset" 182
"../../../Engine/Content/EngineMaterials/T_Default_Material_Grid_N.uasset" 183
"../../../Engine/Content/EngineMaterials/T_Default_Material_Grid_M.uasset" 184
"../../../Engine/Content/Functions/Engine_MaterialFunctions01/Opacity/CameraDepthFade.uasset" 185
"../../../Engine/Content/EngineMaterials/WorldGridMaterial.uasset" 186
"../../../Engine/Content/ArtTools/RenderToTexture/Meshes/S_1_Unit_Plane.uasset" 187
"../../../Engine/Content/EngineMaterials/DefaultMaterial.uasset" 188
"../../../Engine/Content/BasicShapes/Cone.uasset" 189
"../../../Engine/Content/EditorLandscapeResources/DataLayer.uasset" 190
"../../../Engine/Content/EditorLandscapeResources/DefaultAlphaTexture.uasset" 191
"../../../Engine/Content/EditorMaterials/MAT_Groups_Toggle.uasset" 192
"../../../Engine/Content/EditorMaterials/MAT_Groups_Visibility.uasset" 193
"../../../Engine/Content/EditorMaterials/PreviewShadowIndicator.uasset" 194
"../../../Engine/Content/EditorMaterials/PreviewShadowIndicatorMaterial.uasset" 195
"../../../Engine/Content/EditorMaterials/MatineeGroups/MAT_ColorTrack.uasset" 196
"../../../Engine/Content/EditorMaterials/MatineeGroups/MAT_Groups_Anim.uasset" 197
"../../../Engine/Content/EditorMaterials/MatineeGroups/MAT_Groups_AudioMaster.uasset" 198
"../../../Engine/Content/EditorMaterials/MatineeGroups/MAT_Groups_Director.uasset" 199
"../../../Engine/Content/EditorMaterials/MatineeGroups/MAT_Groups_Event.uasset" 200
"../../../Engine/Content/EditorMaterials/MatineeGroups/MAT_Groups_Fade.uasset" 201
"../../../Engine/Content/EditorMaterials/MatineeGroups/MAT_Groups_Float.uasset" 202
"../../../Engine/Content/EditorMaterials/MatineeGroups/MAT_Groups_Move.uasset" 203
"../../../Engine/Content/EditorMaterials/MatineeGroups/MAT_Groups_Slomo.uasset" 204
"../../../Engine/Content/EditorMaterials/MatineeGroups/MAT_Groups_Sound.uasset" 205
"../../../Engine/Content/EditorMaterials/MatineeGroups/MAT_Groups_Vector.uasset" 206
"../../../Engine/Content/EditorMaterials/ParticleSystems/PSysThumbnail_NoImage.uasset" 207
"../../../Engine/Content/EditorMaterials/ParticleSystems/PSysThumbnail_OOD.uasset" 208
"../../../Engine/Content/EditorMaterials/Camera/CineMat.uasset" 209
"../../../Engine/Content/EditorMaterials/Camera/MI_CineMat_Rig.uasset" 210
"../../../Engine/Content/EditorMeshes/Camera/SM_CraneRig_Arm.uasset" 211
"../../../Engine/Content/EditorMeshes/Camera/SM_CraneRig_Base.uasset" 212
"../../../Engine/Content/EditorMeshes/Camera/SM_CraneRig_Body.uasset" 213
"../../../Engine/Content/EditorMeshes/Camera/SM_CraneRig_Mount.uasset" 214
"../../../Engine/Content/EditorMeshes/Camera/SM_RailRig_Mount.uasset" 215
"../../../Engine/Content/EditorMeshes/Camera/SM_RailRig_Track.uasset" 216
"../../../Engine/Content/EditorResources/BSPVertex.uasset" 217
"../../../Engine/Content/EditorResources/EmptyActor.uasset" 218
"../../../Engine/Content/EditorResources/S_Actor.uasset" 219
"../../../Engine/Content/EditorResources/S_Note.uasset" 220
"../../../Engine/Content/EditorResources/S_Solver.uasset" 221
"../../../Engine/Content/EditorResources/S_Terrain.uasset" 222
"../../../Engine/Content/EditorResources/S_Trigger.uasset" 223
"../../../Engine/Content/EditorResources/AudioIcons/S_AudioComponent.uasset" 224
"../../../Engine/Content/EditorResources/AudioIcons/S_AudioComponent_AutoActivate.uasset" 225
"../../../Engine/Content/EditorResources/SequenceRecorder/Countdown.uasset" 226
"../../../Engine/Content/EditorResources/SequenceRecorder/RecordingIndicator.uasset" 227
"../../../Engine/Content/EngineDamageTypes/DmgTypeBP_Environmental.uasset" 228
"../../../Engine/Content/EngineDebugMaterials/DebugEditorMaterial.uasset" 229
"../../../Engine/Content/EngineDebugMaterials/DebugMeshMaterial.uasset" 230
"../../../Engine/Content/EngineDebugMaterials/M_SimpleUnlitTranslucent.uasset" 231
"../../../Engine/Content/EngineDebugMaterials/VolumeToRender.uasset" 232
"../../../Engine/Content/Functions/Engine_MaterialFunctions02/Utility/CameraDirectionVector.uasset" 233
"../../../Engine/Content/EngineDebugMaterials/M_VolumeRenderSphereTracePP.uasset" 234
"../../../Engine/Content/Functions/Engine_MaterialFunctions01/Shading/ConvertFromDiffSpec.uasset" 235
"../../../Engine/Content/EngineDebugMaterials/VertexColorMaterial.uasset" 236
"../../../Engine/Content/EngineDebugMaterials/WireframeMaterial.uasset" 237
"../../../Engine/Content/EngineFonts/Faces/RobotoRegular.uasset" 238
"../../../Engine/Content/EngineFonts/Faces/RobotoLight.uasset" 239
"../../../Engine/Content/EngineFonts/Faces/RobotoItalic.uasset" 240
"../../../Engine/Content/EngineFonts/Faces/RobotoBoldItalic.uasset" 241
"../../../Engine/Content/EngineFonts/Faces/RobotoBold.uasset" 242
"../../../Engine/Content/EngineFonts/Faces/DroidSansFallback.uasset" 243
"../../../Engine/Content/EngineFonts/Roboto.uasset" 244
"../../../Engine/Content/EngineMaterials/BaseFlattenNormalMap.uasset" 245
"../../../Engine/Content/EngineMaterials/BaseFlattenGrayscaleMap.uasset" 246
"../../../Engine/Content/EngineMaterials/BaseFlattenEmissiveMap.uasset" 247
"../../../Engine/Content/EngineMaterials/BaseFlattenDiffuseMap.uasset" 248
"../../../Engine/Content/EngineMaterials/BaseFlattenMaterial.uasset" 249
"../../../Engine/Content/EngineMaterials/BlueNoise.uasset" 250
"../../../Engine/Content/EngineMaterials/DefaultBloomKernel.uasset" 251
"../../../Engine/Content/EngineMaterials/DefaultBokeh.uasset" 252
"../../../Engine/Content/EngineMaterials/DefaultDiffuse.uasset" 253
"../../../Engine/Content/EngineMaterials/DefaultDeferredDecalMaterial.uasset" 254
"../../../Engine/Content/EngineMaterials/DefaultLightFunctionMaterial.uasset" 255
"../../../Engine/Content/EngineMaterials/DefaultPhysicalMaterial.uasset" 256
"../../../Engine/Content/Functions/Engine_MaterialFunctions02/Utility/BreakOutFloat2Components.uasset" 257
"../../../Engine/Content/EngineMaterials/DefaultPostProcessMaterial.uasset" 258
"../../../Engine/Content/EngineMaterials/DefaultTextMaterialOpaque.uasset" 259
"../../../Engine/Content/EngineMaterials/DefaultWhiteGrid.uasset" 260
"../../../Engine/Content/EngineMaterials/DefaultWhiteGrid_Low.uasset" 261
"../../../Engine/Content/EngineMaterials/EmissiveMeshMaterial.uasset" 262
"../../../Engine/Content/EngineMaterials/GizmoMaterial.uasset" 263
"../../../Engine/Content/EngineMaterials/Good64x64TilingNoiseHighFreq.uasset" 264
"../../../Engine/Content/EngineMaterials/MiniFont.uasset" 265
"../../../Engine/Content/EngineMaterials/InvalidLightmapSettings.uasset" 266
"../../../Engine/Content/EngineMaterials/M_InvalidLightmapSettings.uasset" 267
"../../../Engine/Content/Functions/Engine_MaterialFunctions02/WorldPositionOffset/CameraOffset.uasset" 268
"../../../Engine/Content/EngineMaterials/PhAT_JointLimitMaterial.uasset" 269
"../../../Engine/Content/EngineMaterials/PreintegratedSkinBRDF.uasset" 270
"../../../Engine/Content/EngineMaterials/RemoveSurfaceMaterial.uasset" 271
"../../../Engine/Content/EngineMaterials/WeightMapPlaceholderTexture.uasset" 272
"../../../Engine/Content/EngineResources/WhiteSquareTexture.uasset" 273
"../../../Engine/Content/EngineMaterials/Widget3DPassThrough.uasset" 274
"../../../Engine/Content/EngineMaterials/Widget3DPassThrough_Masked.uasset" 275
"../../../Engine/Content/EngineMaterials/Widget3DPassThrough_Opaque.uasset" 276
"../../../Engine/Content/EngineMaterials/Widget3DPassThrough_Masked_OneSided.uasset" 277
"../../../Engine/Content/EngineMaterials/Widget3DPassThrough_Opaque_OneSided.uasset" 278
"../../../Engine/Content/EngineMaterials/Widget3DPassThrough_Translucent.uasset" 279
"../../../Engine/Content/EngineMaterials/Widget3DPassThrough_Translucent_OneSided.uasset" 280
"../../../Engine/Content/EngineMeshes/Cylinder.uasset" 281
"../../../Engine/Content/EngineMeshes/Sphere.uasset" 282
"../../../Engine/Content/EngineResources/DefaultTextureCube.uasset" 283
"../../../Engine/Content/EngineResources/DefaultVolumeTexture2D.uasset" 284
"../../../Engine/Content/EngineResources/DefaultVolumeTexture.uasset" 285
"../../../Engine/Content/EngineResources/GradientTexture0.uasset" 286
"../../../Engine/Content/EngineSky/VolumetricClouds/T_NoiseShape64.uasset" 287
"../../../Engine/Content/EngineSky/VolumetricClouds/T_VolumeNoiseShape64.uasset" 288
"../../../Engine/Content/EngineSky/VolumetricClouds/T_NoiseErosion.uasset" 289
"../../../Engine/Content/EngineSky/VolumetricClouds/T_VolumeNoiseErosion32.uasset" 290
"../../../Engine/Content/EngineSky/VolumetricClouds/CloudWeatherTexture.uasset" 291
"../../../Engine/Content/EngineSky/VolumetricClouds/CloudGradientTexture.uasset" 292
"../../../Engine/Content/Functions/Engine_MaterialFunctions02/Utility/MakeFloat2.uasset" 293
"../../../Engine/Content/EngineSky/VolumetricClouds/m_SimpleVolumetricCloud.uasset" 294
"../../../Engine/Content/EngineSky/VolumetricClouds/m_SimpleVolumetricCloud_Inst.uasset" 295
"../../../Engine/Content/Functions/Engine_MaterialFunctions01/Shading/PowerToRoughness.uasset" 296
"../../../Engine/Content/Maps/Templates/Thumbnails/Default.uasset" 297
"../../../Engine/Content/Maps/Templates/Thumbnails/TimeOfDay.uasset" 298
"../../../Engine/Content/Maps/Templates/Thumbnails/VR-Basic.uasset" 299
"../../../Engine/Content/MobileResources/T_MobileControls_texture.uasset" 300
"../../../Engine/Content/MobileResources/T_MobileMenu2.uasset" 301
"../../../Engine/Content/MobileResources/HUD/AnalogHat.uasset" 302
"../../../Engine/Content/MobileResources/HUD/VirtualJoystick_Thumb.uasset" 303
"../../../Engine/Content/MobileResources/HUD/VirtualJoystick_Background.uasset" 304
"../../../Engine/Content/MobileResources/HUD/DefaultVirtualJoysticks.uasset" 305
"../../../Engine/Content/MobileResources/HUD/LeftVirtualJoystickOnly.uasset" 306
"../../../Engine/Content/MobileResources/HUD/MobileHUDButton1_off.uasset" 307
"../../../Engine/Content/MobileResources/HUD/MobileHUDButton1_on.uasset" 308
"../../../Engine/Content/MobileResources/HUD/MobileHUDButton2_off.uasset" 309
"../../../Engine/Content/MobileResources/HUD/MobileHUDButton2_on.uasset" 310
"../../../Engine/Content/MobileResources/HUD/MobileHUDButton3.uasset" 311
"../../../Engine/Content/MobileResources/HUD/MobileHUDButtonFire.uasset" 312
"../../../Engine/Content/MobileResources/HUD/MobileHUDDirectionPad.uasset" 313
"../../../Engine/Content/MobileResources/HUD/MobileHUDDirectionPad2.uasset" 314
"../../../Engine/Content/MobileResources/HUD/MobileHUDDirectionPad3.uasset" 315
"../../../Engine/Content/MobileResources/HUD/MobileHUDDirectionStick.uasset" 316
"../../../Engine/Content/MobileResources/HUD/T_Castle_ThumbstickInner.uasset" 317
"../../../Engine/Content/MobileResources/HUD/T_Castle_ThumbstickOutter.uasset" 318
"../../../Engine/Content/Tutorial/ContentIntroCurve.uasset" 319
"../../../Engine/Content/Tutorial/Basics/LevelEditorAttract.uasset" 320
"../../../Engine/Content/VREditor/TransformGizmo/TranslucentTransformGizmoMaterial.uasset" 321
"../../../Engine/Content/VREditor/LaserPointer/VR_LaserPower_01.uasset" 322
"../../../Engine/Content/VREditor/TransformGizmo/TransformGizmoMaterial.uasset" 323
"../../../Engine/Content/VREditor/TransformGizmo/BoundingBoxCorner.uasset" 324
"../../../Engine/Content/VREditor/TransformGizmo/BoundingBoxEdge.uasset" 325
"../../../Engine/Content/VREditor/TransformGizmo/PlaneTranslationHandle.uasset" 326
"../../../Engine/Content/VREditor/TransformGizmo/Xray.uasset" 327
"../../../Engine/Content/VREditor/TransformGizmo/Main.uasset" 328
"../../../Engine/Content/VREditor/TransformGizmo/SM_Sequencer_Key.uasset" 329
"../../../Engine/Content/VREditor/TransformGizmo/SM_Sequencer_Node.uasset" 330
"../../Plugins/2D/Paper2D/Content/PlaceholderTextures/DummySpriteTexture.uasset" 331
"../../Plugins/2D/Paper2D/Content/DummySprite.uasset" 332
"../../Plugins/2D/Paper2D/Content/DefaultPaperTerrainMaterial.uasset" 333
"../../Plugins/2D/Paper2D/Content/DefaultSpriteMaterial.uasset" 334
"../../Plugins/2D/Paper2D/Content/MaskedUnlitSpriteMaterial.uasset" 335
"../../Plugins/2D/Paper2D/Content/OpaqueUnlitSpriteMaterial.uasset" 336
"../../../Engine/Content/Functions/Engine_MaterialFunctions02/Utility/BreakOutFloat3Components.uasset" 337
"../../Plugins/Editor/SpeedTreeImporter/Content/SpeedTree9/UnpackInteger3.uasset" 338
"../../Plugins/Editor/SpeedTreeImporter/Content/SpeedTree9/UnpackDirection.uasset" 339
"../../Plugins/Editor/SpeedTreeImporter/Content/SpeedTree9/game_wind_noise.uasset" 340
"../../../Engine/Content/Functions/Engine_MaterialFunctions02/SafeNormalize.uasset" 341
"../../Plugins/Editor/SpeedTreeImporter/Content/SpeedTree9/SpeedTreeWindMotion.uasset" 342
"../../Plugins/Editor/SpeedTreeImporter/Content/SpeedTree9/SpeedTreeBranchMotion.uasset" 343
"../../../Engine/Content/Functions/Engine_MaterialFunctions02/ObjectLocalBounds.uasset" 344
"../../../Engine/Content/Functions/Engine_MaterialFunctions02/UVs/BoundingBoxBased_0-1_UVW.uasset" 345
"../../Plugins/Editor/SpeedTreeImporter/Content/SpeedTree9/SpeedTreeWind.uasset" 346
"../../Plugins/Editor/SpeedTreeImporter/Content/SpeedTree9/SpeedTreeBillboard.uasset" 347
"../../../Engine/Content/EngineResources/DefaultTexture.uasset" 348
"../../Plugins/Editor/SpeedTreeImporter/Content/SpeedTree9/SpeedTreeBillboardMaster.uasset" 349
"../../Plugins/Editor/SpeedTreeImporter/Content/SpeedTree9/SpeedTreeCameraFacing.uasset" 350
"../../Plugins/Editor/SpeedTreeImporter/Content/SpeedTree9/SpeedTreeMaster.uasset" 351
"../../Plugins/Experimental/Water/Content/Icons/WaterBodyIslandSprite.uasset" 352
"../../Plugins/Experimental/Water/Content/Icons/WaterBodyLakeSprite.uasset" 353
"../../Plugins/Experimental/Water/Content/Icons/WaterBodyOceanSprite.uasset" 354
"../../Plugins/Experimental/Water/Content/Icons/WaterBodyRiverSprite.uasset" 355
"../../Plugins/Experimental/Water/Content/Icons/WaterSprite.uasset" 356
"../../../Engine/Content/BasicShapes/Cylinder.uasset" 357
"../../../Engine/Content/ArtTools/RenderToTexture/Materials/Debug/M_Emissive_Color.uasset" 358
"../../Plugins/Lumin/MagicLeapPassableWorld/Content/MagicLeapARPinInfoActor.uasset" 359
"../../../Engine/Content/Functions/Engine_MaterialFunctions02/Utility/BreakOutFloat4Components.uasset" 360
"../../../Engine/Content/Functions/Engine_MaterialFunctions02/Utility/MakeFloat3.uasset" 361
"../../Plugins/Runtime/Oculus/OculusVR/Content/Materials/OculusMR_ChromaKey.uasset" 362
"../../Plugins/Runtime/Oculus/OculusVR/Content/Materials/OculusMR_OpaqueColoredMaterial.uasset" 363
"../../Plugins/Runtime/Oculus/OculusVR/Content/Materials/PokeAHoleMaterial.uasset" 364
"../../../Engine/Content/EngineSounds/Master.uasset" 365
"../../../../../../STORAGE/DEV/GitHub/kesapeli2021/Team8/Content/Team8_Sounds/MX_Music.uasset" 366
"../../../../../../STORAGE/DEV/GitHub/kesapeli2021/Team8/Content/Team8_Sounds/NewSoundMix.uasset" 367
"../../../../../../STORAGE/DEV/GitHub/kesapeli2021/Team8/Content/Team8_Sounds/MX/MX_Sunset_Boulevard.uasset" 368
"../../../../../../STORAGE/DEV/GitHub/kesapeli2021/Team8/Content/Team8_Sounds/MX/MX_Happy_Palm_Trees.uasset" 369
"../../../../../../STORAGE/DEV/GitHub/kesapeli2021/Team8/Content/Team8_Sounds/MX/MX_Cyber_Oceanic.uasset" 370
"../../../../../../STORAGE/DEV/GitHub/kesapeli2021/Team8/Content/Team8_Sounds/Cues/MX_MenuMusic_Cue.uasset" 371
"../../../Engine/Content/Functions/Engine_MaterialFunctions03/Procedurals/ComputeFilterWidth.uasset" 372
"../../../Engine/Content/EngineMaterials/AntiAliasedTextMaterialTranslucent.uasset" 373
"../../../../../../STORAGE/DEV/GitHub/kesapeli2021/Team8/Content/ReferenceVehicle/Sedan/Sedan_PhysMat.uasset" 374
"../../../../../../STORAGE/DEV/GitHub/kesapeli2021/Team8/Content/ReferenceVehicle/Sedan/Materials/M_Vehicle_Sedan.uasset" 375
"../../../../../../STORAGE/DEV/GitHub/kesapeli2021/Team8/Content/ReferenceVehicle/Sedan/Materials/M_Vehicle_Sedan_Inst_Wheels.uasset" 376
"../../../../../../STORAGE/DEV/GitHub/kesapeli2021/Team8/Content/ReferenceVehicle/Sedan/Materials/M_Vehicle_Sedan_Inst_Tires.uasset" 377
"../../../../../../STORAGE/DEV/GitHub/kesapeli2021/Team8/Content/ReferenceVehicle/Sedan/Materials/M_Vehicle_Sedan_Inst_TailLights.uasset" 378
"../../../../../../STORAGE/DEV/GitHub/kesapeli2021/Team8/Content/ReferenceVehicle/Sedan/Materials/M_Vehicle_Sedan_Inst_Plastic.uasset" 379
"../../../../../../STORAGE/DEV/GitHub/kesapeli2021/Team8/Content/ReferenceVehicle/Sedan/Materials/M_Vehicle_Sedan_Inst_Headlights.uasset" 380
"../../../../../../STORAGE/DEV/GitHub/kesapeli2021/Team8/Content/ReferenceVehicle/Sedan/Materials/M_Vehicle_Sedan_Inst_Glass.uasset" 381
"../../../../../../STORAGE/DEV/GitHub/kesapeli2021/Team8/Content/ReferenceVehicle/Sedan/Sedan_PhysicsAsset.uasset" 382
"../../../../../../STORAGE/DEV/GitHub/kesapeli2021/Team8/Content/ReferenceVehicle/Sedan/Sedan_Skeleton.uasset" 383
"../../../../../../STORAGE/DEV/GitHub/kesapeli2021/Team8/Content/ReferenceVehicle/Sedan/Sedan_SkelMesh.uasset" 384
"../../../../../../STORAGE/DEV/GitHub/kesapeli2021/Team8/Content/ReferenceVehicle/Sedan/Sedan_AnimBP.uasset" 385
"../../../../../../STORAGE/DEV/GitHub/kesapeli2021/Team8/Content/VehicleBP/Sedan/Sedan.uasset" 386
"../../../../../../STORAGE/DEV/GitHub/kesapeli2021/Team8/Content/Team8_Levels/MainMenu/MainMenu_PC.uasset" 387
"../../../../../../STORAGE/DEV/GitHub/kesapeli2021/Team8/Content/Team8_Levels/MainMenu/MainMenuGameMode.uasset" 388
"../../../../../../STORAGE/DEV/GitHub/kesapeli2021/Team8/Content/Team8_Levels/MainMenu/Driver_Girl_and_Driver_Boy_v2_0.uasset" 389
"../../../../../../STORAGE/DEV/GitHub/kesapeli2021/Team8/Content/Team8_Levels/MainMenu/OptionsWidget.uasset" 390
"../../../../../../STORAGE/DEV/GitHub/kesapeli2021/Team8/Content/Team8_Levels/MainMenu/Unreal_Engine_Logo_svg.uasset" 391
"../../../../../../STORAGE/DEV/GitHub/kesapeli2021/Team8/Content/Team8_Levels/MainMenu/team8logo_v1_3.uasset" 392
"../../../../../../STORAGE/DEV/GitHub/kesapeli2021/Team8/Content/Team8_Levels/MainMenu/CreditsWidget.uasset" 393
"../../../../../../STORAGE/DEV/GitHub/kesapeli2021/Team8/Content/Team8_Levels/MainMenu/Screenshots/SmallAtoll.uasset" 394
"../../../../../../STORAGE/DEV/GitHub/kesapeli2021/Team8/Content/Team8_Levels/MainMenu/Screenshots/Monsoon.uasset" 395
"../../../../../../STORAGE/DEV/GitHub/kesapeli2021/Team8/Content/Team8_Levels/MainMenu/Screenshots/Metropoli.uasset" 396
"../../../../../../STORAGE/DEV/GitHub/kesapeli2021/Team8/Content/Team8_Levels/MainMenu/LoadingWIdget.uasset" 397
"../../../../../../STORAGE/DEV/GitHub/kesapeli2021/Team8/Content/Team8_Levels/MainMenu/LevelsWidget.uasset" 398
"../../../../../../STORAGE/DEV/GitHub/kesapeli2021/Team8/Content/Team8_Levels/MainMenu/KeyboardLayout.uasset" 399
"../../../../../../STORAGE/DEV/GitHub/kesapeli2021/Team8/Content/Team8_Levels/MainMenu/ControllerLayout.uasset" 400
"../../../../../../STORAGE/DEV/GitHub/kesapeli2021/Team8/Content/Team8_Levels/MainMenu/ControlsWidget.uasset" 401
"../../../../../../STORAGE/DEV/GitHub/kesapeli2021/Team8/Content/Team8_Levels/MainMenu/MainMenuWidget.uasset" 402
"../../../../../../STORAGE/DEV/GitHub/kesapeli2021/Team8/Content/Team8_Levels/MainMenu_Level/Main_Menu_Level.umap" 403
"../../../../../../STORAGE/DEV/GitHub/kesapeli2021/Team8/Content/GoodSky/Source/Textures/T_GoodSky_Moon.uasset" 404
"../../../../../../STORAGE/DEV/GitHub/kesapeli2021/Team8/Content/GoodSky/Source/Textures/T_GoodSky_noise_smooth.uasset" 405
"../../../../../../STORAGE/DEV/GitHub/kesapeli2021/Team8/Content/GoodSky/Source/Textures/T_GoodSky_clouds_sphere.uasset" 406
"../../../../../../STORAGE/DEV/GitHub/kesapeli2021/Team8/Content/GoodSky/Source/Textures/T_GoodSky_clouds_B.uasset" 407
"../../Plugins/Experimental/Water/Content/Waves/GerstnerWaves_Ocean.uasset" 408
"../../Plugins/Experimental/Water/Content/Waves/GerstnerWaves_Lake.uasset" 409
"../../Plugins/Experimental/Water/Content/Meshes/RiverMesh.uasset" 410
"../../Plugins/Experimental/Water/Content/Meshes/LakeMesh.uasset" 411
"../../../../../../STORAGE/DEV/GitHub/kesapeli2021/Team8/Content/Team8_Textures/KyberEarthTexture.uasset" 412
"../../../../../../STORAGE/DEV/GitHub/kesapeli2021/Team8/Content/Team8_Sounds/SFX/SFX_Checkpoint.uasset" 413
"../../../../../../STORAGE/DEV/GitHub/kesapeli2021/Team8/Content/Team8_Sounds/Cues/SFX_Checkpoint_Cue.uasset" 414
"../../../../../../STORAGE/DEV/GitHub/kesapeli2021/Team8/Content/Team8_Sounds/MX/MX_Boiling_Nitro.uasset" 415
"../../../../../../STORAGE/DEV/GitHub/kesapeli2021/Team8/Content/Team8_Sounds/Cues/MX_Boiling_Nitro_Cue.uasset" 416
"../../../../../../STORAGE/DEV/GitHub/kesapeli2021/Team8/Content/Team8_Materials/PinkGlassMaterial.uasset" 417
"../../../../../../STORAGE/DEV/GitHub/kesapeli2021/Team8/Content/Team8_Materials/KyberAsphaltPhysMaterial.uasset" 418
"../../../../../../STORAGE/DEV/GitHub/kesapeli2021/Team8/Content/Team8_Meshes/RoadGlass.uasset" 419
"../../../../../../STORAGE/DEV/GitHub/kesapeli2021/Team8/Content/Team8_Materials/KyberAsphaltMaterial.uasset" 420
"../../../../../../STORAGE/DEV/GitHub/kesapeli2021/Team8/Content/Team8_Meshes/Road.uasset" 421
"../../../../../../STORAGE/DEV/GitHub/kesapeli2021/Team8/Content/Team8_Meshes/Material_001.uasset" 422
"../../../../../../STORAGE/DEV/GitHub/kesapeli2021/Team8/Content/Team8_Meshes/PalmTree_Wire_Balls_fixed.uasset" 423
"../../../../../../STORAGE/DEV/GitHub/kesapeli2021/Team8/Content/GoodSky/Source/Textures/T_GoodSky_Stars.uasset" 424
"../../../../../../STORAGE/DEV/GitHub/kesapeli2021/Team8/Content/Team8_Meshes/LoopingRoad.uasset" 425
"../../../../../../STORAGE/DEV/GitHub/kesapeli2021/Team8/Content/Team8_Meshes/Cube.uasset" 426
"../../../../../../STORAGE/DEV/GitHub/kesapeli2021/Team8/Content/Team8_Materials/KyberEarthPhysMaterial.uasset" 427
"../../../Engine/Content/BasicShapes/Cube.uasset" 428
"../../Plugins/Experimental/Water/Content/Textures/Foam/T_WaterFlow_01_Foam_Tiled_N.uasset" 429
"../../Plugins/Experimental/Water/Content/FluidSimulation/WaveFoam/WaterDistanceField.uasset" 430
"../../Plugins/Experimental/Water/Content/Textures/Foam/T_WaterFlow_01_Foam_Tiled.uasset" 431
"../../Plugins/Experimental/Water/Content/FluidSimulation/WaveFoam/FoamRT.uasset" 432
"../../Plugins/Experimental/Water/Content/Textures/Normals/T_Water_TilingNormal_With_Height_02_Softened.uasset" 433
"../../../Engine/Content/EngineResources/Black.uasset" 434
"../../Plugins/Experimental/Water/Content/Materials/Functions/HighQualityTextureFiltering.uasset" 435
"../../Plugins/Experimental/Water/Content/Materials/MPC/MPC_Water.uasset" 436
"../../../Engine/Content/Functions/Engine_MaterialFunctions02/PivotPainter2/Black_1x1_EXR_Texture.uasset" 437
"../../Plugins/Experimental/Water/Content/Materials/Functions/WaterBodyData.uasset" 438
"../../../Engine/Content/Functions/Engine_MaterialFunctions03/Procedurals/NormalFromHeightmap.uasset" 439
"../../../Engine/Content/Functions/Engine_MaterialFunctions02/Utility/VectorLength.uasset" 440
"../../../Engine/Content/Functions/Engine_MaterialFunctions01/Gradient/BoxMask-2D.uasset" 441
"../../../Engine/Content/Functions/Engine_MaterialFunctions01/Gradient/LinearGradient.uasset" 442
"../../../Engine/Content/Functions/Engine_MaterialFunctions01/ImageAdjustment/CheapContrast.uasset" 443
"../../../Engine/Content/Functions/Engine_MaterialFunctions02/Texturing/HeightLerp.uasset" 444
"../../../Engine/Content/EngineSky/VolumetricClouds/T_NoiseShape.uasset" 445
"../../../Engine/Content/EngineSky/VolumetricClouds/T_VolumeNoiseShape128.uasset" 446
"../../Plugins/Experimental/Water/Content/Materials/Layers/BeachFoam.uasset" 447
"../../Plugins/Experimental/Water/Content/Materials/Functions/WaveVelocityMask.uasset" 448
"../../../Engine/Content/Functions/Engine_MaterialFunctions02/ExampleContent/Textures/water_n.uasset" 449
"../../../Engine/Content/Functions/Engine_MaterialFunctions02/ExampleContent/Textures/water_d.uasset" 450
"../../../Engine/Content/Functions/Engine_MaterialFunctions02/ExampleContent/Textures/LowResBlurredNoise.uasset" 451
"../../../Engine/Content/Functions/Engine_MaterialFunctions02/Math/AddComponents.uasset" 452
"../../../Engine/Content/Functions/Engine_MaterialFunctions02/Math/MakeVectorsOrthogonal.uasset" 453
"../../../Engine/Content/Functions/Engine_MaterialFunctions02/Utility/BlendAngleCorrectedNormals.uasset" 454
"../../../Engine/Content/EngineMaterials/DefaultNormal.uasset" 455
"../../../Engine/Content/Functions/Engine_MaterialFunctions02/Utility/LinearSine.uasset" 456
"../../../Engine/Content/Functions/Engine_MaterialFunctions02/Math/TimeWithSpeedVariable.uasset" 457
"../../../Engine/Content/Functions/Engine_MaterialFunctions02/Math/Transform3x3Matrix.uasset" 458
"../../../Engine/Content/Functions/Engine_MaterialFunctions01/Texturing/ComputeMipLevel.uasset" 459
"../../../Engine/Content/Functions/Engine_MaterialFunctions02/Texturing/Flowmaps.uasset" 460
"../../../Engine/Content/Functions/Engine_MaterialFunctions01/Texturing/FlattenNormal.uasset" 461
"../../../Engine/Content/Functions/Engine_MaterialFunctions01/Coordinates/WorldPosition-XY.uasset" 462
"../../Plugins/Experimental/Water/Content/Materials/Functions/WaterRiverFlowmaps.uasset" 463
"../../Plugins/Experimental/Water/Content/Materials/Functions/WaterOpacityMaskFromDepth.uasset" 464
"../../Plugins/Experimental/Water/Content/Materials/Functions/WaterHeightMappingVS.uasset" 465
"../../Plugins/Experimental/Water/Content/Materials/Functions/WaterCoefficientMask.uasset" 466
"../../Plugins/Experimental/Water/Content/FluidSimulation/Materials/Functions/Fluidsim_WorldPosition_to_UV.uasset" 467
"../../../Engine/Content/Functions/Engine_MaterialFunctions01/Opacity/AlphaOffset.uasset" 468
"../../Plugins/Experimental/Water/Content/Materials/Functions/SampleFluidSimulation.uasset" 469
"../../Plugins/Experimental/Water/Content/Materials/Functions/ComputeWavesAttenuationFactor.uasset" 470
"../../Plugins/Experimental/Water/Content/Materials/Functions/WaveDepthFalloff_Overrides.uasset" 471
"../../Plugins/Experimental/Water/Content/Materials/Layers/WaterAttributes.uasset" 472
"../../Plugins/Experimental/Water/Content/Materials/Functions/WaterTextureWaves.uasset" 473
"../../Plugins/Experimental/Water/Content/Materials/Functions/WaterTextureSurface.uasset" 474
"../../Plugins/Experimental/Water/Content/Materials/Functions/Water_Underside.uasset" 475
"../../Plugins/Experimental/Water/Content/Materials/Functions/SetWaveAttributes.uasset" 476
"../../Plugins/Experimental/Water/Content/Materials/Functions/WorldPositionBehindWater.uasset" 477
"../../Plugins/Experimental/Water/Content/Materials/Functions/WorldNormalBehindWater.uasset" 478
"../../Plugins/Experimental/Water/Content/Materials/Functions/GetWaterTime.uasset" 479
"../../Plugins/Experimental/Water/Content/Materials/Functions/ComputeGerstnerWaves.uasset" 480
"../../Plugins/Experimental/Water/Content/Caustics/Materials/Functions/GetDistortionUV.uasset" 481
"../../Plugins/Experimental/Water/Content/Caustics/Materials/Functions/WaterCaustics_GerstnerWaves.uasset" 482
"../../Plugins/Experimental/Landmass/Content/Landscape/BlueprintBrushes/MPC/MPC_Landscape.uasset" 483
"../../Plugins/Experimental/Water/Content/Materials/WaterSurface/Water_Material.uasset" 484
"../../Plugins/Experimental/Water/Content/Materials/WaterSurface/Water_Material_Inst.uasset" 485
"../../Plugins/Experimental/Water/Content/Materials/WaterSurface/Water_Material_River.uasset" 486
"../../Plugins/Experimental/Water/Content/Materials/WaterSurface/Water_Material_Ocean.uasset" 487
"../../Plugins/Experimental/Water/Content/Materials/WaterSurface/Water_Material_Lake.uasset" 488
"../../Plugins/Experimental/Water/Content/Materials/WaterSurface/Transitions/Water_Material_River_To_Ocean_Transition.uasset" 489
"../../Plugins/Experimental/Water/Content/Materials/WaterSurface/Transitions/Water_Material_River_To_Lake_Transition.uasset" 490
"../../../Engine/Content/Functions/Engine_MaterialFunctions01/Volumetrics/SchlickPhase.uasset" 491
"../../../Engine/Content/Functions/Engine_MaterialFunctions02/ScreenResolution.uasset" 492
"../../../Engine/Content/Functions/Engine_MaterialFunctions01/Texturing/ScaleUVsByCenter.uasset" 493
"../../../Engine/Content/Functions/Engine_MaterialFunctions02/Texturing/ScreenAlignedUVs.uasset" 494
"../../../Engine/Content/Functions/Engine_MaterialFunctions01/Texturing/TextureCropping.uasset" 495
"../../../Engine/Content/Functions/Engine_MaterialFunctions02/ExampleContent/Textures/DebugNumberPeriod.uasset" 496
"../../../Engine/Content/Functions/Engine_MaterialFunctions02/ExampleContent/DebugNumberStrip.uasset" 497
"../../../Engine/Content/Functions/Engine_MaterialFunctions02/Utility/DebugScalarValues.uasset" 498
"../../Plugins/Experimental/Water/Content/Materials/PostProcessing/M_UnderWater_PostProcess_Volume.uasset" 499
"../../Plugins/Experimental/Landmass/Content/Landscape/Mats/MF/SmoothTerracing.uasset" 500
"../../Plugins/Experimental/Landmass/Content/Landscape/Mats/MF/SmoothIntersections.uasset" 501
"../../../Engine/Content/Functions/Engine_MaterialFunctions02/WorldPositionOffset/GenerateASpline.uasset" 502
"../../../Engine/Content/MapTemplates/TilingNoise05.uasset" 503
"../../Plugins/Experimental/Landmass/Content/Landscape/Mats/MF/CatmullRomTexture.uasset" 504
"../../../Engine/Content/Functions/Engine_MaterialFunctions01/Math/SmoothCeil.uasset" 505
"../../Plugins/Experimental/Landmass/Content/Landscape/Mats/MF/BrushTerracing.uasset" 506
"../../../Engine/Content/Functions/Engine_MaterialFunctions01/ImageAdjustment/SCurve.uasset" 507
"../../Plugins/Experimental/Landmass/Content/Landscape/Mats/MF/BrushDisplaceMask.uasset" 508
"../../Plugins/Experimental/Landmass/Content/Landscape/Mats/MF/BrushBlendModes.uasset" 509
"../../../Engine/Content/EngineResources/Black_Low.uasset" 510
"../../Plugins/Experimental/Landmass/Content/Landscape/Mats/MF/BrushAlphaMask.uasset" 511
"../../Plugins/Experimental/Landmass/Content/Landscape/Mats/MF/UnpackRG8Height.uasset" 512
"../../Plugins/Experimental/Landmass/Content/Landscape/BlueprintBrushes/MF/PointSampleLandscapeUVs.uasset" 513
"../../Plugins/Experimental/Landmass/Content/Landscape/BlueprintBrushes/MF/ReadCachedDistanceField.uasset" 514
"../../Plugins/Experimental/Landmass/Content/Landscape/BlueprintBrushes/MF/PackRG8Height.uasset" 515
"../../Plugins/Experimental/Water/Content/Materials/Brushes/MeshBrush_Width.uasset" 516
"../../Plugins/Experimental/Water/Content/Materials/Brushes/MeshBrush_Weightmap.uasset" 517
"../../Plugins/Experimental/Landmass/Content/Landscape/BlueprintBrushes/MF/BrushBlendModes.uasset" 518
"../../Plugins/Experimental/Landmass/Content/Landscape/Curves/DynamicCurve_RT.uasset" 519
"../../Plugins/Experimental/Water/Content/Materials/Brushes/MeshBrush_Island.uasset" 520
"../../Plugins/Experimental/Landmass/Content/Landscape/BlueprintBrushes/MF/SmoothIntersections.uasset" 521
"../../Plugins/Experimental/Landmass/Content/Landscape/BlueprintBrushes/MF/BrushTerracing.uasset" 522
"../../Plugins/Experimental/Landmass/Content/Landscape/BlueprintBrushes/MF/BrushDisplaceMask.uasset" 523
"../../Plugins/Experimental/Landmass/Content/Landscape/BlueprintBrushes/MF/BrushAlphaMask.uasset" 524
"../../Plugins/Experimental/Water/Content/Materials/Brushes/MeshBrush_Angle.uasset" 525
"../../Plugins/Experimental/Landmass/Content/Landscape/BlueprintBrushes/MF/UnpackRG8Height.uasset" 526
"../../Plugins/Experimental/Water/Content/Materials/Brushes/FinalizeWaterTexture.uasset" 527
"../../Plugins/Experimental/Landmass/Content/Landscape/BlueprintBrushes/MF/LocalizeLandscapeZValue.uasset" 528
"../../Plugins/Experimental/Water/Content/Materials/Brushes/CompositeWaterBodyTexture.uasset" 529
"../../Plugins/Experimental/Water/Content/Materials/Brushes/CanvasDrawing.uasset" 530
"../../../Engine/Content/Functions/Engine_MaterialFunctions02/TangentBasis.uasset" 531
"../../Plugins/Experimental/Landmass/Content/Landscape/BlueprintBrushes/Materials/RenderSplineDepths.uasset" 532
"../../Plugins/Experimental/Landmass/Content/Landscape/Mats/MPC/MPC_Erosion.uasset" 533
"../../Plugins/Experimental/Landmass/Content/Landscape/BlueprintBrushes/MF/SampleDistanceField.uasset" 534
"../../Plugins/Experimental/Landmass/Content/Landscape/BlueprintBrushes/Materials/CacheDistanceField.uasset" 535
"../../Plugins/Experimental/Landmass/Content/DistanceFields/Materials/JumpFloodStep.uasset" 536
"../../Plugins/Experimental/Landmass/Content/Landscape/Textures/LS_Debug_RT_01.uasset" 537
"../../Plugins/Experimental/Landmass/Content/DistanceFields/Materials/DetectEdges.uasset" 538
"../../Plugins/Experimental/Landmass/Content/DistanceFields/Materials/BlurEdges.uasset" 539
"../../../../../../STORAGE/DEV/GitHub/kesapeli2021/Team8/Content/Team8_Materials/KyberEarthMaterial.uasset" 540
"../../Plugins/Experimental/Water/Content/Curves/FloatCurve_WaterBodyIsland.uasset" 541
"../../Plugins/Experimental/Water/Content/Curves/FloatCurve.uasset" 542
"../../../../../../STORAGE/DEV/GitHub/kesapeli2021/Team8/Content/Team8_Sounds/SFX/SFX_WaterSplash4.uasset" 543
"../../../../../../STORAGE/DEV/GitHub/kesapeli2021/Team8/Content/Team8_Sounds/SFX/SFX_WaterSplash3.uasset" 544
"../../../../../../STORAGE/DEV/GitHub/kesapeli2021/Team8/Content/Team8_Sounds/SFX/SFX_WaterSplash2.uasset" 545
"../../../../../../STORAGE/DEV/GitHub/kesapeli2021/Team8/Content/Team8_Sounds/SFX/SFX_WaterSplash1.uasset" 546
"../../../../../../STORAGE/DEV/GitHub/kesapeli2021/Team8/Content/Team8_Sounds/Cues/SFX_WaterSplash_Cue.uasset" 547
"../../../../../../STORAGE/DEV/GitHub/kesapeli2021/Team8/Content/VehicleBP/Blueprints/WaterKillBoxBP.uasset" 548
"../../../../../../STORAGE/DEV/GitHub/kesapeli2021/Team8/Content/VehicleBP/Blueprints/LoopingRoadBP.uasset" 549
"../../../../../../STORAGE/DEV/GitHub/kesapeli2021/Team8/Content/Team8_Meshes/BluePyramid.uasset" 550
"../../../../../../STORAGE/DEV/GitHub/kesapeli2021/Team8/Content/Team8_Obstacles/BluePyramid_Obstacle.uasset" 551
"../../../../../../STORAGE/DEV/GitHub/kesapeli2021/Team8/Content/Team8_Textures/Cyber_arrow_alpha.uasset" 552
"../../../../../../STORAGE/DEV/GitHub/kesapeli2021/Team8/Content/Team8_Materials/Cyber_arrow_banner.uasset" 553
"../../../../../../STORAGE/DEV/GitHub/kesapeli2021/Team8/Content/Team8_Meshes/Kyber_Neon_Arrow.uasset" 554
"../../../../../../STORAGE/DEV/GitHub/kesapeli2021/Team8/Content/GoodSky/Source/Textures/T_GoodSky_clouds_F.uasset" 555
"../../../../../../STORAGE/DEV/GitHub/kesapeli2021/Team8/Content/GoodSky/Source/Textures/T_GoodSky_clouds_E.uasset" 556
"../../../../../../STORAGE/DEV/GitHub/kesapeli2021/Team8/Content/GoodSky/Source/Textures/T_GoodSky_clouds_A.uasset" 557
"../../../Engine/Content/Functions/Engine_MaterialFunctions01/Texturing/ScaleUVsAroundPoint.uasset" 558
"../../../Engine/Content/Functions/Engine_MaterialFunctions01/Density/ExponentialDensity.uasset" 559
"../../../Engine/Content/Functions/Engine_MaterialFunctions01/Gradient/RadialGradientExponential.uasset" 560
"../../../../../../STORAGE/DEV/GitHub/kesapeli2021/Team8/Content/GoodSky/Source/Materials/Material_Function/MF_GoodSky_Moon_Setting.uasset" 561
"../../../../../../STORAGE/DEV/GitHub/kesapeli2021/Team8/Content/GoodSky/Source/Materials/Material_Function/MF_GoodSky_Top_part_alpha.uasset" 562
"../../../../../../STORAGE/DEV/GitHub/kesapeli2021/Team8/Content/GoodSky/Source/Materials/Material_Function/MF_GoodSky_Time.uasset" 563
"../../../../../../STORAGE/DEV/GitHub/kesapeli2021/Team8/Content/GoodSky/Source/Materials/Material_Function/MF_GoodSky_SkyDomeAlpha.uasset" 564
"../../../../../../STORAGE/DEV/GitHub/kesapeli2021/Team8/Content/GoodSky/Source/Materials/Material_Function/MF_GoodSky_Global_Setting.uasset" 565
"../../../../../../STORAGE/DEV/GitHub/kesapeli2021/Team8/Content/GoodSky/Source/Materials/Material_Function/MF_GoodSky_Clouds_Setting.uasset" 566
"../../../../../../STORAGE/DEV/GitHub/kesapeli2021/Team8/Content/GoodSky/Source/Materials/M_GoodSky_Sun_Stars_Moon.uasset" 567
"../../../../../../STORAGE/DEV/GitHub/kesapeli2021/Team8/Content/GoodSky/Source/Textures/T_GoodSky_clouds_D.uasset" 568
"../../../../../../STORAGE/DEV/GitHub/kesapeli2021/Team8/Content/GoodSky/Source/Textures/T_GoodSky_clouds_C.uasset" 569
"../../../../../../STORAGE/DEV/GitHub/kesapeli2021/Team8/Content/GoodSky/Source/Materials/M_GoodSky_Base.uasset" 570
"../../../../../../STORAGE/DEV/GitHub/kesapeli2021/Team8/Content/GoodSky/Source/Mesh/SM_GoodSky_Sphere.uasset" 571
"../../../../../../STORAGE/DEV/GitHub/kesapeli2021/Team8/Content/GoodSky/Source/Mesh/SM_GoodSky_Hemisphere.uasset" 572
"../../../../../../STORAGE/DEV/GitHub/kesapeli2021/Team8/Content/GoodSky/Source/Data/Enum/Enum_GoodSky_Style_Clouds.uasset" 573
"../../../../../../STORAGE/DEV/GitHub/kesapeli2021/Team8/Content/GoodSky/Source/Data/Enum/Enum_GoodSky_Preset.uasset" 574
"../../../../../../STORAGE/DEV/GitHub/kesapeli2021/Team8/Content/GoodSky/Source/Data/Enum/Enum_GoodSky_MeshType.uasset" 575
"../../../../../../STORAGE/DEV/GitHub/kesapeli2021/Team8/Content/GoodSky/Source/Data/Enum/Enum_GoodSky_Effects.uasset" 576
"../../../../../../STORAGE/DEV/GitHub/kesapeli2021/Team8/Content/GoodSky/Source/Data/Enum/Enum_GoodSky_Clouds_Coverage.uasset" 577
"../../../../../../STORAGE/DEV/GitHub/kesapeli2021/Team8/Content/GoodSky/Source/ArrowTool/M_GoodSky_Sun_Emissive.uasset" 578
"../../../../../../STORAGE/DEV/GitHub/kesapeli2021/Team8/Content/GoodSky/Source/ArrowTool/SM_GoodSky_StarMesh.uasset" 579
"../../../Engine/Content/BasicShapes/Sphere.uasset" 580
"../../../../../../STORAGE/DEV/GitHub/kesapeli2021/Team8/Content/GoodSky/Source/Materials/M_GoodSky_Sun_Stars.uasset" 581
"../../../Engine/Content/Functions/Engine_MaterialFunctions02/Utility/DebugFloat3Values.uasset" 582
"../../../Engine/Content/Functions/Engine_MaterialFunctions02/Math/RGBtoHSV.uasset" 583
"../../../../../../STORAGE/DEV/GitHub/kesapeli2021/Team8/Content/GoodSky/Source/Materials/Material_Function/MF_GoodSky_LightningFlick.uasset" 584
"../../../../../../STORAGE/DEV/GitHub/kesapeli2021/Team8/Content/GoodSky/Source/Textures/T_GoodSky_Lightning.uasset" 585
"../../../Engine/Content/Functions/Engine_MaterialFunctions01/ImageAdjustment/DeriveHDRfromLDR.uasset" 586
"../../../../../../STORAGE/DEV/GitHub/kesapeli2021/Team8/Content/GoodSky/Source/Materials/M_GoodSky_Storm.uasset" 587
"../../../../../../STORAGE/DEV/GitHub/kesapeli2021/Team8/Content/GoodSky/Source/Materials/M_GoodSky_Moon.uasset" 588
"../../../../../../STORAGE/DEV/GitHub/kesapeli2021/Team8/Content/GoodSky/Source/Data/Structure/Structure_GoodSky.uasset" 589
"../../../../../../STORAGE/DEV/GitHub/kesapeli2021/Team8/Content/GoodSky/Source/Data/DataTable/DataTable_GoodSky.uasset" 590
"../../../../../../STORAGE/DEV/GitHub/kesapeli2021/Team8/Content/GoodSky/Source/Data/Curve/Curve_GoodSky_SunDirection_Vector1.uasset" 591
"../../../../../../STORAGE/DEV/GitHub/kesapeli2021/Team8/Content/GoodSky/Source/Data/Curve/Curve_GoodSky_SunDirection_Vector.uasset" 592
"../../../../../../STORAGE/DEV/GitHub/kesapeli2021/Team8/Content/GoodSky/Source/Data/Curve/Curve_GoodSky_horizon_Color.uasset" 593
"../../../../../../STORAGE/DEV/GitHub/kesapeli2021/Team8/Content/GoodSky/Source/Data/Curve/Curve_GoodSky_DomeColor.uasset" 594
"../../../../../../STORAGE/DEV/GitHub/kesapeli2021/Team8/Content/GoodSky/Source/Data/Curve/Curve_GoodSky_BaseCloudColor.uasset" 595
"../../../../../../STORAGE/DEV/GitHub/kesapeli2021/Team8/Content/GoodSky/Source/Data/Curve/Curve_GoodSky_AllOverlayColor.uasset" 596
"../../../../../../STORAGE/DEV/GitHub/kesapeli2021/Team8/Content/GoodSky/Source/Data/Curve/Curve_GoodSky_SunLight.uasset" 597
"../../../../../../STORAGE/DEV/GitHub/kesapeli2021/Team8/Content/GoodSky/Source/Data/Curve/Curve_GoodSky_Stars.uasset" 598
"../../../../../../STORAGE/DEV/GitHub/kesapeli2021/Team8/Content/GoodSky/Blueprint/BP_GoodSky.uasset" 599
"../../../../../../STORAGE/DEV/GitHub/kesapeli2021/Team8/Content/Team8_Levels/Metropoli_Level/Metropoli_level.umap" 600
"../../../../../../STORAGE/DEV/GitHub/kesapeli2021/Team8/Content/Team8_Sounds/MX/MX_Electro_Asphalt.uasset" 601
"../../../../../../STORAGE/DEV/GitHub/kesapeli2021/Team8/Content/Team8_Sounds/Cues/MX_Electro_Asphalt_Cue.uasset" 602
"../../../../../../STORAGE/DEV/GitHub/kesapeli2021/Team8/Content/Team8_Materials/Monsoon_Waves.uasset" 603
"../../../../../../STORAGE/DEV/GitHub/kesapeli2021/Team8/Content/Team8_Levels/Monsoon_Level/Monsoon_Level.umap" 604
"../../../../../../STORAGE/DEV/GitHub/kesapeli2021/Team8/Content/Team8_Sounds/MX/MX_South_Wind.uasset" 605
"../../../../../../STORAGE/DEV/GitHub/kesapeli2021/Team8/Content/Team8_Sounds/Cues/MX_South_Wind_Cue.uasset" 606
"../../../../../../STORAGE/DEV/GitHub/kesapeli2021/Team8/Content/Team8_Levels/SmallAtoll_Level/Prototype_Race.umap" 607
"../../../Engine/Content/Maps/Entry_BuiltData.uasset" 608
"../../../Engine/Content/Maps/Entry.umap" 609
